#
# There is insufficient memory for the Java Runtime Environment to continue.
# Native memory allocation (malloc) failed to allocate 37617664 bytes for committing reserved memory.
# Possible reasons:
#   The system is out of physical RAM or swap space
#   In 32 bit mode, the process size limit was hit
# Possible solutions:
#   Reduce memory load on the system
#   Increase physical memory or swap space
#   Check if swap backing store is full
#   Use 64 bit Java on a 64 bit OS
#   Decrease Java heap size (-Xmx/-Xms)
#   Decrease number of Java threads
#   Decrease Java thread stack sizes (-Xss)
#   Set larger code cache with -XX:ReservedCodeCacheSize=
# This output file may be truncated or incomplete.
#
#  Out of Memory Error (os_linux.cpp:2743), pid=28655, tid=140399011845888
#
# JRE version:  (7.0_40-b31) (build )
# Java VM: OpenJDK 64-Bit Server VM (24.0-b50 mixed mode linux-amd64 compressed oops)
# Failed to write core dump. Core dumps have been disabled. To enable core dumping, try "ulimit -c unlimited" before starting Java again
#

---------------  T H R E A D  ---------------

Current thread (0x00007fb128008800):  JavaThread "Unknown thread" [_thread_in_vm, id=29013, stack(0x00007fb1312a5000,0x00007fb1313a6000)]

Stack: [0x00007fb1312a5000,0x00007fb1313a6000],  sp=0x00007fb1313a44d0,  free space=1021k
Native frames: (J=compiled Java code, j=interpreted, Vv=VM code, C=native code)
V  [libjvm.so+0x928bc5]  JVM_handle_linux_signal+0x177365
V  [libjvm.so+0x479804]  dlerror+0x479804
V  [libjvm.so+0x7abc73]  JVM_FindSignal+0x18c693
V  [libjvm.so+0x7a662f]  JVM_FindSignal+0x18704f
V  [libjvm.so+0x81688b]  JVM_handle_linux_signal+0x6502b
V  [libjvm.so+0x7c1f05]  JVM_handle_linux_signal+0x106a5
V  [libjvm.so+0x80f970]  JVM_handle_linux_signal+0x5e110
V  [libjvm.so+0x7c9f45]  JVM_handle_linux_signal+0x186e5
V  [libjvm.so+0x8fadd7]  JVM_handle_linux_signal+0x149577
V  [libjvm.so+0x8fb107]  JVM_handle_linux_signal+0x1498a7
V  [libjvm.so+0x587675]  AsyncGetCallTrace+0x90465
V  [libjvm.so+0x8ddf9f]  JVM_handle_linux_signal+0x12c73f
V  [libjvm.so+0x5f0e44]  JNI_CreateJavaVM+0x54
C  [libjli.so+0x29b8]  getenv+0x29b8


---------------  P R O C E S S  ---------------

Java Threads: ( => current thread )

Other Threads:

=>0x00007fb128008800 (exited) JavaThread "Unknown thread" [_thread_in_vm, id=29013, stack(0x00007fb1312a5000,0x00007fb1313a6000)]

VM state:not at safepoint (not fully initialized)

VM Mutex/Monitor currently owned by a thread: None

GC Heap History (0 events):
No events

Deoptimization events (0 events):
No events

Internal exceptions (0 events):
No events

Events (0 events):
No events


Dynamic libraries:
00400000-00401000 r-xp 00000000 08:01 405809                             /usr/lib/jvm/java-7-openjdk/jre/bin/java
00600000-00601000 rw-p 00000000 08:01 405809                             /usr/lib/jvm/java-7-openjdk/jre/bin/java
00cb4000-00cd5000 rw-p 00000000 00:00 0                                  [heap]
b8400000-b9900000 rw-p 00000000 00:00 0 
b9900000-c2a00000 rw-p 00000000 00:00 0 
c2a00000-c5280000 rw-p 00000000 00:00 0 
c5280000-eb880000 rw-p 00000000 00:00 0 
eb880000-ecd00000 rw-p 00000000 00:00 0 
ecd00000-100000000 rw-p 00000000 00:00 0 
7fb118000000-7fb118021000 rw-p 00000000 00:00 0 
7fb118021000-7fb11c000000 ---p 00000000 00:00 0 
7fb120000000-7fb120021000 rw-p 00000000 00:00 0 
7fb120021000-7fb124000000 ---p 00000000 00:00 0 
7fb125000000-7fb125270000 rwxp 00000000 00:00 0 
7fb125270000-7fb128028000 rw-p 00000000 00:00 0 
7fb128028000-7fb12c000000 ---p 00000000 00:00 0 
7fb12dfa5000-7fb12dfa6000 ---p 00000000 00:00 0 
7fb12dfa6000-7fb12e0a6000 rw-p 00000000 00:00 0                          [stack:29267]
7fb12e0a6000-7fb12e0a7000 ---p 00000000 00:00 0 
7fb12e0a7000-7fb12e1b2000 rw-p 00000000 00:00 0                          [stack:29238]
7fb12e1b2000-7fb12e1fa000 rw-p 00000000 00:00 0 
7fb12e1fa000-7fb12e20f000 rw-p 00000000 00:00 0 
7fb12e20f000-7fb12e342000 rw-p 00000000 00:00 0 
7fb12e342000-7fb12e34d000 rw-p 00000000 00:00 0 
7fb12e34d000-7fb12e395000 rw-p 00000000 00:00 0 
7fb12e395000-7fb12e3aa000 rw-p 00000000 00:00 0 
7fb12e3aa000-7fb12e4dc000 rw-p 00000000 00:00 0 
7fb12e4dc000-7fb12e4e7000 rw-p 00000000 00:00 0 
7fb12e4e7000-7fb12e580000 rw-p 00000000 00:00 0 
7fb12e580000-7fb12e581000 rw-p 00000000 00:00 0 
7fb12e581000-7fb12e589000 r-xp 00000000 08:01 405767                     /usr/lib/jvm/java-7-openjdk/jre/lib/amd64/libzip.so
7fb12e589000-7fb12e788000 ---p 00008000 08:01 405767                     /usr/lib/jvm/java-7-openjdk/jre/lib/amd64/libzip.so
7fb12e788000-7fb12e789000 rw-p 00007000 08:01 405767                     /usr/lib/jvm/java-7-openjdk/jre/lib/amd64/libzip.so
7fb12e789000-7fb12e794000 r-xp 00000000 08:01 265460                     /usr/lib/libnss_files-2.18.so
7fb12e794000-7fb12e994000 ---p 0000b000 08:01 265460                     /usr/lib/libnss_files-2.18.so
7fb12e994000-7fb12e995000 r--p 0000b000 08:01 265460                     /usr/lib/libnss_files-2.18.so
7fb12e995000-7fb12e996000 rw-p 0000c000 08:01 265460                     /usr/lib/libnss_files-2.18.so
7fb12e996000-7fb12e9c1000 r-xp 00000000 08:01 405778                     /usr/lib/jvm/java-7-openjdk/jre/lib/amd64/libjava.so
7fb12e9c1000-7fb12ebc0000 ---p 0002b000 08:01 405778                     /usr/lib/jvm/java-7-openjdk/jre/lib/amd64/libjava.so
7fb12ebc0000-7fb12ebc2000 rw-p 0002a000 08:01 405778                     /usr/lib/jvm/java-7-openjdk/jre/lib/amd64/libjava.so
7fb12ebc2000-7fb12ebcf000 r-xp 00000000 08:01 405759                     /usr/lib/jvm/java-7-openjdk/jre/lib/amd64/libverify.so
7fb12ebcf000-7fb12edce000 ---p 0000d000 08:01 405759                     /usr/lib/jvm/java-7-openjdk/jre/lib/amd64/libverify.so
7fb12edce000-7fb12edd0000 rw-p 0000c000 08:01 405759                     /usr/lib/jvm/java-7-openjdk/jre/lib/amd64/libverify.so
7fb12edd0000-7fb12edd7000 r-xp 00000000 08:01 265546                     /usr/lib/librt-2.18.so
7fb12edd7000-7fb12efd6000 ---p 00007000 08:01 265546                     /usr/lib/librt-2.18.so
7fb12efd6000-7fb12efd7000 r--p 00006000 08:01 265546                     /usr/lib/librt-2.18.so
7fb12efd7000-7fb12efd8000 rw-p 00007000 08:01 265546                     /usr/lib/librt-2.18.so
7fb12efd8000-7fb12efed000 r-xp 00000000 08:01 268494                     /usr/lib/libgcc_s.so.1
7fb12efed000-7fb12f1ed000 ---p 00015000 08:01 268494                     /usr/lib/libgcc_s.so.1
7fb12f1ed000-7fb12f1ee000 rw-p 00015000 08:01 268494                     /usr/lib/libgcc_s.so.1
7fb12f1ee000-7fb12f2f0000 r-xp 00000000 08:01 265511                     /usr/lib/libm-2.18.so
7fb12f2f0000-7fb12f4ef000 ---p 00102000 08:01 265511                     /usr/lib/libm-2.18.so
7fb12f4ef000-7fb12f4f0000 r--p 00101000 08:01 265511                     /usr/lib/libm-2.18.so
7fb12f4f0000-7fb12f4f1000 rw-p 00102000 08:01 265511                     /usr/lib/libm-2.18.so
7fb12f4f1000-7fb12f5d7000 r-xp 00000000 08:01 268487                     /usr/lib/libstdc++.so.6.0.18
7fb12f5d7000-7fb12f7d6000 ---p 000e6000 08:01 268487                     /usr/lib/libstdc++.so.6.0.18
7fb12f7d6000-7fb12f7de000 r--p 000e5000 08:01 268487                     /usr/lib/libstdc++.so.6.0.18
7fb12f7de000-7fb12f7e0000 rw-p 000ed000 08:01 268487                     /usr/lib/libstdc++.so.6.0.18
7fb12f7e0000-7fb12f7f5000 rw-p 00000000 00:00 0 
7fb12f7f5000-7fb1302e6000 r-xp 00000000 08:01 405786                     /usr/lib/jvm/java-7-openjdk/jre/lib/amd64/server/libjvm.so
7fb1302e6000-7fb1304e6000 ---p 00af1000 08:01 405786                     /usr/lib/jvm/java-7-openjdk/jre/lib/amd64/server/libjvm.so
7fb1304e6000-7fb1305a1000 rw-p 00af1000 08:01 405786                     /usr/lib/jvm/java-7-openjdk/jre/lib/amd64/server/libjvm.so
7fb1305a1000-7fb1305ce000 rw-p 00000000 00:00 0 
7fb1305ce000-7fb1305e3000 r-xp 00000000 08:01 268527                     /usr/lib/libz.so.1.2.8
7fb1305e3000-7fb1307e2000 ---p 00015000 08:01 268527                     /usr/lib/libz.so.1.2.8
7fb1307e2000-7fb1307e3000 r--p 00014000 08:01 268527                     /usr/lib/libz.so.1.2.8
7fb1307e3000-7fb1307e4000 rw-p 00015000 08:01 268527                     /usr/lib/libz.so.1.2.8
7fb1307e4000-7fb130985000 r-xp 00000000 08:01 265512                     /usr/lib/libc-2.18.so
7fb130985000-7fb130b84000 ---p 001a1000 08:01 265512                     /usr/lib/libc-2.18.so
7fb130b84000-7fb130b88000 r--p 001a0000 08:01 265512                     /usr/lib/libc-2.18.so
7fb130b88000-7fb130b8a000 rw-p 001a4000 08:01 265512                     /usr/lib/libc-2.18.so
7fb130b8a000-7fb130b8e000 rw-p 00000000 00:00 0 
7fb130b8e000-7fb130b91000 r-xp 00000000 08:01 265547                     /usr/lib/libdl-2.18.so
7fb130b91000-7fb130d90000 ---p 00003000 08:01 265547                     /usr/lib/libdl-2.18.so
7fb130d90000-7fb130d91000 r--p 00002000 08:01 265547                     /usr/lib/libdl-2.18.so
7fb130d91000-7fb130d92000 rw-p 00003000 08:01 265547                     /usr/lib/libdl-2.18.so
7fb130d92000-7fb130d9f000 r-xp 00000000 08:01 405782                     /usr/lib/jvm/java-7-openjdk/jre/lib/amd64/jli/libjli.so
7fb130d9f000-7fb130f9e000 ---p 0000d000 08:01 405782                     /usr/lib/jvm/java-7-openjdk/jre/lib/amd64/jli/libjli.so
7fb130f9e000-7fb130f9f000 rw-p 0000c000 08:01 405782                     /usr/lib/jvm/java-7-openjdk/jre/lib/amd64/jli/libjli.so
7fb130f9f000-7fb130fb7000 r-xp 00000000 08:01 265466                     /usr/lib/libpthread-2.18.so
7fb130fb7000-7fb1311b7000 ---p 00018000 08:01 265466                     /usr/lib/libpthread-2.18.so
7fb1311b7000-7fb1311b8000 r--p 00018000 08:01 265466                     /usr/lib/libpthread-2.18.so
7fb1311b8000-7fb1311b9000 rw-p 00019000 08:01 265466                     /usr/lib/libpthread-2.18.so
7fb1311b9000-7fb1311bd000 rw-p 00000000 00:00 0 
7fb1311bd000-7fb1311dd000 r-xp 00000000 08:01 265493                     /usr/lib/ld-2.18.so
7fb1311e5000-7fb1311ef000 rw-p 00000000 00:00 0 
7fb1311ef000-7fb1312a5000 rw-p 00000000 00:00 0 
7fb1312a5000-7fb1312a8000 ---p 00000000 00:00 0 
7fb1312a8000-7fb1313aa000 rw-p 00000000 00:00 0                          [stack:29013]
7fb1313cf000-7fb1313d1000 rw-p 00000000 00:00 0 
7fb1313d1000-7fb1313d9000 rw-s 00000000 00:1c 1254426                    /tmp/hsperfdata_jim/28655
7fb1313d9000-7fb1313da000 rw-p 00000000 00:00 0 
7fb1313da000-7fb1313db000 r--p 00000000 00:00 0 
7fb1313db000-7fb1313dc000 rw-p 00000000 00:00 0 
7fb1313dc000-7fb1313dd000 r--p 0001f000 08:01 265493                     /usr/lib/ld-2.18.so
7fb1313dd000-7fb1313de000 rw-p 00020000 08:01 265493                     /usr/lib/ld-2.18.so
7fb1313de000-7fb1313df000 rw-p 00000000 00:00 0 
7fff3ca05000-7fff3ca26000 rw-p 00000000 00:00 0                          [stack]
7fff3ca4c000-7fff3ca4e000 r-xp 00000000 00:00 0                          [vdso]
ffffffffff600000-ffffffffff601000 r-xp 00000000 00:00 0                  [vsyscall]

VM Arguments:
java_command: ./dist/Assignment_3.jar 5000 5 10000 100 100 100 2
Launcher Type: SUN_STANDARD

Environment Variables:
JAVA_HOME=/usr/lib/jvm/java-7-openjdk
PATH=/usr/local/sbin:/usr/local/bin:/usr/bin:/usr/bin/site_perl:/usr/bin/vendor_perl:/usr/bin/core_perl
SHELL=/bin/bash

Signal Handlers:
SIGSEGV: [libjvm.so+0x9296b0], sa_mask[0]=0x7ffbfeff, sa_flags=0x10000004
SIGBUS: [libjvm.so+0x9296b0], sa_mask[0]=0x7ffbfeff, sa_flags=0x10000004
SIGFPE: [libjvm.so+0x7a7370], sa_mask[0]=0x7ffbfeff, sa_flags=0x10000004
SIGPIPE: [libjvm.so+0x7a7370], sa_mask[0]=0x7ffbfeff, sa_flags=0x10000004
SIGXFSZ: [libjvm.so+0x7a7370], sa_mask[0]=0x7ffbfeff, sa_flags=0x10000004
SIGILL: [libjvm.so+0x7a7370], sa_mask[0]=0x7ffbfeff, sa_flags=0x10000004
SIGUSR1: SIG_DFL, sa_mask[0]=0x00000000, sa_flags=0x00000000
SIGUSR2: [libjvm.so+0x7a7210], sa_mask[0]=0x00000000, sa_flags=0x10000004
SIGHUP: SIG_DFL, sa_mask[0]=0x00000000, sa_flags=0x00000000
SIGINT: SIG_DFL, sa_mask[0]=0x00000000, sa_flags=0x00000000
SIGTERM: SIG_DFL, sa_mask[0]=0x00000000, sa_flags=0x00000000
SIGQUIT: SIG_DFL, sa_mask[0]=0x00000000, sa_flags=0x00000000


---------------  S Y S T E M  ---------------

OS:Linux
uname:Linux 3.10.10-1-ARCH #1 SMP PREEMPT Fri Aug 30 11:30:06 CEST 2013 x86_64
libc:glibc 2.18 NPTL 2.18 
rlimit: STACK 8192k, CORE 0k, NPROC 31344, NOFILE 4096, AS infinity
load average:58.65 13.50 7.76

/proc/meminfo:
MemTotal:        4017688 kB
MemFree:           88048 kB
Buffers:             264 kB
Cached:           103624 kB
SwapCached:            0 kB
Active:          3619624 kB
Inactive:          80048 kB
Active(anon):    3603340 kB
Inactive(anon):    66680 kB
Active(file):      16284 kB
Inactive(file):    13368 kB
Unevictable:           0 kB
Mlocked:               0 kB
SwapTotal:             0 kB
SwapFree:              0 kB
Dirty:                 8 kB
Writeback:             0 kB
AnonPages:       3597576 kB
Mapped:            51284 kB
Shmem:             72532 kB
Slab:              53928 kB
SReclaimable:      15476 kB
SUnreclaim:        38452 kB
KernelStack:       29824 kB
PageTables:        83604 kB
NFS_Unstable:          0 kB
Bounce:                0 kB
WritebackTmp:          0 kB
CommitLimit:     2008844 kB
Committed_AS:   38507560 kB
VmallocTotal:   34359738367 kB
VmallocUsed:      554120 kB
VmallocChunk:   34359172608 kB
HardwareCorrupted:     0 kB
AnonHugePages:   1632256 kB
HugePages_Total:       0
HugePages_Free:        0
HugePages_Rsvd:        0
HugePages_Surp:        0
Hugepagesize:       2048 kB
DirectMap4k:       11776 kB
DirectMap2M:     4147200 kB


CPU:total 2 (2 cores per cpu, 1 threads per core) family 6 model 23 stepping 10, cmov, cx8, fxsr, mmx, sse, sse2, sse3, ssse3, tsc

/proc/cpuinfo:
processor	: 0
vendor_id	: GenuineIntel
cpu family	: 6
model		: 23
model name	: Pentium(R) Dual-Core CPU       T4400  @ 2.20GHz
stepping	: 10
microcode	: 0xa07
cpu MHz		: 2200.000
cache size	: 1024 KB
physical id	: 0
siblings	: 2
core id		: 0
cpu cores	: 2
apicid		: 0
initial apicid	: 0
fpu		: yes
fpu_exception	: yes
cpuid level	: 13
wp		: yes
flags		: fpu vme de pse tsc msr pae mce cx8 apic sep mtrr pge mca cmov pat pse36 clflush dts acpi mmx fxsr sse sse2 ss ht tm pbe syscall nx lm constant_tsc arch_perfmon pebs bts rep_good nopl aperfmperf pni dtes64 monitor ds_cpl est tm2 ssse3 cx16 xtpr pdcm xsave lahf_lm dtherm
bogomips	: 4390.08
clflush size	: 64
cache_alignment	: 64
address sizes	: 36 bits physical, 48 bits virtual
power management:

processor	: 1
vendor_id	: GenuineIntel
cpu family	: 6
model		: 23
model name	: Pentium(R) Dual-Core CPU       T4400  @ 2.20GHz
stepping	: 10
microcode	: 0xa07
cpu MHz		: 2200.000
cache size	: 1024 KB
physical id	: 0
siblings	: 2
core id		: 1
cpu cores	: 2
apicid		: 1
initial apicid	: 1
fpu		: yes
fpu_exception	: yes
cpuid level	: 13
wp		: yes
flags		: fpu vme de pse tsc msr pae mce cx8 apic sep mtrr pge mca cmov pat pse36 clflush dts acpi mmx fxsr sse sse2 ss ht tm pbe syscall nx lm constant_tsc arch_perfmon pebs bts rep_good nopl aperfmperf pni dtes64 monitor ds_cpl est tm2 ssse3 cx16 xtpr pdcm xsave lahf_lm dtherm
bogomips	: 4390.08
clflush size	: 64
cache_alignment	: 64
address sizes	: 36 bits physical, 48 bits virtual
power management:



Memory: 4k page, physical 4017688k(88048k free), swap 0k(0k free)

vm_info: OpenJDK 64-Bit Server VM (24.0-b50) for linux-amd64 JRE (1.7.0_40-b31), built on Aug 18 2013 18:04:55 by "nobody" with gcc 4.8.1 20130725 (prerelease)

time: Wed Sep 18 12:57:17 2013
elapsed time: 1 seconds

