#
# There is insufficient memory for the Java Runtime Environment to continue.
# Cannot create GC thread. Out of system resources.
# Possible reasons:
#   The system is out of physical RAM or swap space
#   In 32 bit mode, the process size limit was hit
# Possible solutions:
#   Reduce memory load on the system
#   Increase physical memory or swap space
#   Check if swap backing store is full
#   Use 64 bit Java on a 64 bit OS
#   Decrease Java heap size (-Xmx/-Xms)
#   Decrease number of Java threads
#   Decrease Java thread stack sizes (-Xss)
#   Set larger code cache with -XX:ReservedCodeCacheSize=
# This output file may be truncated or incomplete.
#
#  Out of Memory Error (gcTaskThread.cpp:46), pid=10441, tid=140399668053824
#
# JRE version: 7.0_25-b30
# Java VM: OpenJDK 64-Bit Server VM (23.7-b01 mixed mode linux-amd64 compressed oops)
# Failed to write core dump. Core dumps have been disabled. To enable core dumping, try "ulimit -c unlimited" before starting Java again
#

---------------  T H R E A D  ---------------

Current thread (0x000000000186f000):  JavaThread "Unknown thread" [_thread_in_vm, id=10441, stack(0x00007fff3c71e000,0x00007fff3c81e000)]

Stack: [0x00007fff3c71e000,0x00007fff3c81e000],  sp=0x00007fff3c8168f0,  free space=994k
Native frames: (J=compiled Java code, j=interpreted, Vv=VM code, C=native code)
V  [libjvm.so+0x84e92b]  VMError::report_and_die()+0x16b
V  [libjvm.so+0x3ebdd0]  report_vm_out_of_memory(char const*, int, unsigned long, char const*)+0x70
V  [libjvm.so+0x48ee9a]  GCTaskThread::GCTaskThread(GCTaskManager*, unsigned int, unsigned int)+0xfa
V  [libjvm.so+0x48e6fd]  GCTaskManager::initialize()+0x25d
V  [libjvm.so+0x7131e7]  ParallelScavengeHeap::initialize()+0x737
V  [libjvm.so+0x826bb2]  Universe::initialize_heap()+0x132
V  [libjvm.so+0x826e5d]  universe_init()+0x6d
V  [libjvm.so+0x4dddcf]  init_globals()+0x4f
V  [libjvm.so+0x80d26c]  Threads::create_vm(JavaVMInitArgs*, bool*)+0x39c
V  [libjvm.so+0x545278]  JNI_CreateJavaVM+0x58
C  [libjli.so+0x2b34]  __strcat_chk+0x2b34
C  [libjli.so+0x97ad]  JLI_GetStdArgc+0xd5d
C  [libjli.so+0x44e3]  __strcat_chk+0x44e3
C  [libjli.so+0x4fde]  JLI_Launch+0x9ae
C  [java+0x695]


---------------  P R O C E S S  ---------------

Java Threads: ( => current thread )

Other Threads:

=>0x000000000186f000 (exited) JavaThread "Unknown thread" [_thread_in_vm, id=10441, stack(0x00007fff3c71e000,0x00007fff3c81e000)]

VM state:not at safepoint (not fully initialized)

VM Mutex/Monitor currently owned by a thread: None

GC Heap History (0 events):
No events

Deoptimization events (0 events):
No events

Internal exceptions (0 events):
No events

Events (0 events):
No events


Dynamic libraries:
00400000-00401000 r-xp 00000000 08:05 524382                             /usr/lib/jvm/java-7-openjdk-amd64/jre/bin/java
00600000-00601000 r--p 00000000 08:05 524382                             /usr/lib/jvm/java-7-openjdk-amd64/jre/bin/java
00601000-00602000 rw-p 00001000 08:05 524382                             /usr/lib/jvm/java-7-openjdk-amd64/jre/bin/java
01863000-018a5000 rw-p 00000000 00:00 0                                  [heap]
6fae00000-6fc2c0000 rw-p 00000000 00:00 0 
6fc2c0000-705400000 rw-p 00000000 00:00 0 
705400000-70fb20000 rw-p 00000000 00:00 0 
70fb20000-7ac6b0000 rw-p 00000000 00:00 0 
7ac6b0000-7b1a40000 rw-p 00000000 00:00 0 
7b1a40000-800000000 rw-p 00000000 00:00 0 
7fb151251000-7fb151468000 rw-p 00000000 00:00 0 
7fb151468000-7fb1514b0000 rw-p 00000000 00:00 0 
7fb1514b0000-7fb151504000 rw-p 00000000 00:00 0 
7fb151504000-7fb1519ea000 rw-p 00000000 00:00 0 
7fb1519ea000-7fb1519f5000 rw-p 00000000 00:00 0 
7fb1519f5000-7fb151a3d000 rw-p 00000000 00:00 0 
7fb151a3d000-7fb151a91000 rw-p 00000000 00:00 0 
7fb151a91000-7fb151f76000 rw-p 00000000 00:00 0 
7fb151f76000-7fb151fa1000 rw-p 00000000 00:00 0 
7fb151fa1000-7fb152213000 rw-p 00000000 00:00 0 
7fb152213000-7fb152214000 rw-p 00000000 00:00 0 
7fb152214000-7fb152484000 rwxp 00000000 00:00 0 
7fb152484000-7fb155214000 rw-p 00000000 00:00 0 
7fb155214000-7fb15521c000 r-xp 00000000 08:05 9830777                    /usr/lib/jvm/java-7-openjdk-amd64/jre/lib/amd64/libzip.so
7fb15521c000-7fb15541b000 ---p 00008000 08:05 9830777                    /usr/lib/jvm/java-7-openjdk-amd64/jre/lib/amd64/libzip.so
7fb15541b000-7fb15541c000 r--p 00007000 08:05 9830777                    /usr/lib/jvm/java-7-openjdk-amd64/jre/lib/amd64/libzip.so
7fb15541c000-7fb15541d000 rw-p 00008000 08:05 9830777                    /usr/lib/jvm/java-7-openjdk-amd64/jre/lib/amd64/libzip.so
7fb15541d000-7fb155429000 r-xp 00000000 08:05 5508737                    /lib/x86_64-linux-gnu/libnss_files-2.17.so
7fb155429000-7fb155628000 ---p 0000c000 08:05 5508737                    /lib/x86_64-linux-gnu/libnss_files-2.17.so
7fb155628000-7fb155629000 r--p 0000b000 08:05 5508737                    /lib/x86_64-linux-gnu/libnss_files-2.17.so
7fb155629000-7fb15562a000 rw-p 0000c000 08:05 5508737                    /lib/x86_64-linux-gnu/libnss_files-2.17.so
7fb15562a000-7fb155635000 r-xp 00000000 08:05 5508731                    /lib/x86_64-linux-gnu/libnss_nis-2.17.so
7fb155635000-7fb155834000 ---p 0000b000 08:05 5508731                    /lib/x86_64-linux-gnu/libnss_nis-2.17.so
7fb155834000-7fb155835000 r--p 0000a000 08:05 5508731                    /lib/x86_64-linux-gnu/libnss_nis-2.17.so
7fb155835000-7fb155836000 rw-p 0000b000 08:05 5508731                    /lib/x86_64-linux-gnu/libnss_nis-2.17.so
7fb155836000-7fb15584d000 r-xp 00000000 08:05 5505575                    /lib/x86_64-linux-gnu/libnsl-2.17.so
7fb15584d000-7fb155a4c000 ---p 00017000 08:05 5505575                    /lib/x86_64-linux-gnu/libnsl-2.17.so
7fb155a4c000-7fb155a4d000 r--p 00016000 08:05 5505575                    /lib/x86_64-linux-gnu/libnsl-2.17.so
7fb155a4d000-7fb155a4e000 rw-p 00017000 08:05 5505575                    /lib/x86_64-linux-gnu/libnsl-2.17.so
7fb155a4e000-7fb155a50000 rw-p 00000000 00:00 0 
7fb155a50000-7fb155a58000 r-xp 00000000 08:05 5508724                    /lib/x86_64-linux-gnu/libnss_compat-2.17.so
7fb155a58000-7fb155c57000 ---p 00008000 08:05 5508724                    /lib/x86_64-linux-gnu/libnss_compat-2.17.so
7fb155c57000-7fb155c58000 r--p 00007000 08:05 5508724                    /lib/x86_64-linux-gnu/libnss_compat-2.17.so
7fb155c58000-7fb155c59000 rw-p 00008000 08:05 5508724                    /lib/x86_64-linux-gnu/libnss_compat-2.17.so
7fb155c59000-7fb155c84000 r-xp 00000000 08:05 9830762                    /usr/lib/jvm/java-7-openjdk-amd64/jre/lib/amd64/libjava.so
7fb155c84000-7fb155e83000 ---p 0002b000 08:05 9830762                    /usr/lib/jvm/java-7-openjdk-amd64/jre/lib/amd64/libjava.so
7fb155e83000-7fb155e84000 r--p 0002a000 08:05 9830762                    /usr/lib/jvm/java-7-openjdk-amd64/jre/lib/amd64/libjava.so
7fb155e84000-7fb155e86000 rw-p 0002b000 08:05 9830762                    /usr/lib/jvm/java-7-openjdk-amd64/jre/lib/amd64/libjava.so
7fb155e86000-7fb155e95000 r-xp 00000000 08:05 9830761                    /usr/lib/jvm/java-7-openjdk-amd64/jre/lib/amd64/libverify.so
7fb155e95000-7fb156094000 ---p 0000f000 08:05 9830761                    /usr/lib/jvm/java-7-openjdk-amd64/jre/lib/amd64/libverify.so
7fb156094000-7fb156096000 r--p 0000e000 08:05 9830761                    /usr/lib/jvm/java-7-openjdk-amd64/jre/lib/amd64/libverify.so
7fb156096000-7fb156097000 rw-p 00010000 08:05 9830761                    /usr/lib/jvm/java-7-openjdk-amd64/jre/lib/amd64/libverify.so
7fb156097000-7fb15609e000 r-xp 00000000 08:05 5505326                    /lib/x86_64-linux-gnu/librt-2.17.so
7fb15609e000-7fb15629d000 ---p 00007000 08:05 5505326                    /lib/x86_64-linux-gnu/librt-2.17.so
7fb15629d000-7fb15629e000 r--p 00006000 08:05 5505326                    /lib/x86_64-linux-gnu/librt-2.17.so
7fb15629e000-7fb15629f000 rw-p 00007000 08:05 5505326                    /lib/x86_64-linux-gnu/librt-2.17.so
7fb15629f000-7fb1562b3000 r-xp 00000000 08:05 5505483                    /lib/x86_64-linux-gnu/libgcc_s.so.1
7fb1562b3000-7fb1564b3000 ---p 00014000 08:05 5505483                    /lib/x86_64-linux-gnu/libgcc_s.so.1
7fb1564b3000-7fb1564b4000 r--p 00014000 08:05 5505483                    /lib/x86_64-linux-gnu/libgcc_s.so.1
7fb1564b4000-7fb1564b5000 rw-p 00015000 08:05 5505483                    /lib/x86_64-linux-gnu/libgcc_s.so.1
7fb1564b5000-7fb1565b8000 r-xp 00000000 08:05 5508729                    /lib/x86_64-linux-gnu/libm-2.17.so
7fb1565b8000-7fb1567b8000 ---p 00103000 08:05 5508729                    /lib/x86_64-linux-gnu/libm-2.17.so
7fb1567b8000-7fb1567b9000 r--p 00103000 08:05 5508729                    /lib/x86_64-linux-gnu/libm-2.17.so
7fb1567b9000-7fb1567ba000 rw-p 00104000 08:05 5508729                    /lib/x86_64-linux-gnu/libm-2.17.so
7fb1567ba000-7fb15689f000 r-xp 00000000 08:05 6168240                    /usr/lib/x86_64-linux-gnu/libstdc++.so.6.0.17
7fb15689f000-7fb156a9e000 ---p 000e5000 08:05 6168240                    /usr/lib/x86_64-linux-gnu/libstdc++.so.6.0.17
7fb156a9e000-7fb156aa6000 r--p 000e4000 08:05 6168240                    /usr/lib/x86_64-linux-gnu/libstdc++.so.6.0.17
7fb156aa6000-7fb156aa8000 rw-p 000ec000 08:05 6168240                    /usr/lib/x86_64-linux-gnu/libstdc++.so.6.0.17
7fb156aa8000-7fb156abd000 rw-p 00000000 00:00 0 
7fb156abd000-7fb1574ad000 r-xp 00000000 08:05 9830766                    /usr/lib/jvm/java-7-openjdk-amd64/jre/lib/amd64/server/libjvm.so
7fb1574ad000-7fb1576ac000 ---p 009f0000 08:05 9830766                    /usr/lib/jvm/java-7-openjdk-amd64/jre/lib/amd64/server/libjvm.so
7fb1576ac000-7fb15772b000 r--p 009ef000 08:05 9830766                    /usr/lib/jvm/java-7-openjdk-amd64/jre/lib/amd64/server/libjvm.so
7fb15772b000-7fb15774e000 rw-p 00a6e000 08:05 9830766                    /usr/lib/jvm/java-7-openjdk-amd64/jre/lib/amd64/server/libjvm.so
7fb15774e000-7fb157779000 rw-p 00000000 00:00 0 
7fb157779000-7fb15778f000 r-xp 00000000 08:05 5505229                    /lib/x86_64-linux-gnu/libz.so.1.2.7
7fb15778f000-7fb15798e000 ---p 00016000 08:05 5505229                    /lib/x86_64-linux-gnu/libz.so.1.2.7
7fb15798e000-7fb15798f000 r--p 00015000 08:05 5505229                    /lib/x86_64-linux-gnu/libz.so.1.2.7
7fb15798f000-7fb157990000 rw-p 00016000 08:05 5505229                    /lib/x86_64-linux-gnu/libz.so.1.2.7
7fb157990000-7fb1579a8000 r-xp 00000000 08:05 5508727                    /lib/x86_64-linux-gnu/libpthread-2.17.so
7fb1579a8000-7fb157ba7000 ---p 00018000 08:05 5508727                    /lib/x86_64-linux-gnu/libpthread-2.17.so
7fb157ba7000-7fb157ba8000 r--p 00017000 08:05 5508727                    /lib/x86_64-linux-gnu/libpthread-2.17.so
7fb157ba8000-7fb157ba9000 rw-p 00018000 08:05 5508727                    /lib/x86_64-linux-gnu/libpthread-2.17.so
7fb157ba9000-7fb157bad000 rw-p 00000000 00:00 0 
7fb157bad000-7fb157bb0000 r-xp 00000000 08:05 5508722                    /lib/x86_64-linux-gnu/libdl-2.17.so
7fb157bb0000-7fb157daf000 ---p 00003000 08:05 5508722                    /lib/x86_64-linux-gnu/libdl-2.17.so
7fb157daf000-7fb157db0000 r--p 00002000 08:05 5508722                    /lib/x86_64-linux-gnu/libdl-2.17.so
7fb157db0000-7fb157db1000 rw-p 00003000 08:05 5508722                    /lib/x86_64-linux-gnu/libdl-2.17.so
7fb157db1000-7fb157f6f000 r-xp 00000000 08:05 5508720                    /lib/x86_64-linux-gnu/libc-2.17.so
7fb157f6f000-7fb15816e000 ---p 001be000 08:05 5508720                    /lib/x86_64-linux-gnu/libc-2.17.so
7fb15816e000-7fb158172000 r--p 001bd000 08:05 5508720                    /lib/x86_64-linux-gnu/libc-2.17.so
7fb158172000-7fb158174000 rw-p 001c1000 08:05 5508720                    /lib/x86_64-linux-gnu/libc-2.17.so
7fb158174000-7fb158179000 rw-p 00000000 00:00 0 
7fb158179000-7fb158186000 r-xp 00000000 08:05 9830732                    /usr/lib/jvm/java-7-openjdk-amd64/jre/lib/amd64/jli/libjli.so
7fb158186000-7fb158385000 ---p 0000d000 08:05 9830732                    /usr/lib/jvm/java-7-openjdk-amd64/jre/lib/amd64/jli/libjli.so
7fb158385000-7fb158386000 r--p 0000c000 08:05 9830732                    /usr/lib/jvm/java-7-openjdk-amd64/jre/lib/amd64/jli/libjli.so
7fb158386000-7fb158387000 rw-p 0000d000 08:05 9830732                    /usr/lib/jvm/java-7-openjdk-amd64/jre/lib/amd64/jli/libjli.so
7fb158387000-7fb1583aa000 r-xp 00000000 08:05 5508716                    /lib/x86_64-linux-gnu/ld-2.17.so
7fb1583b3000-7fb1583bd000 rw-p 00000000 00:00 0 
7fb1583bd000-7fb158473000 rw-p 00000000 00:00 0 
7fb158473000-7fb158474000 ---p 00000000 00:00 0 
7fb158474000-7fb158579000 rw-p 00000000 00:00 0 
7fb15859b000-7fb15859d000 rw-p 00000000 00:00 0 
7fb15859d000-7fb1585a5000 rw-s 00000000 08:05 3680769                    /tmp/hsperfdata_michael/10441
7fb1585a5000-7fb1585a6000 rw-p 00000000 00:00 0 
7fb1585a6000-7fb1585a7000 r--p 00000000 00:00 0 
7fb1585a7000-7fb1585a9000 rw-p 00000000 00:00 0 
7fb1585a9000-7fb1585aa000 r--p 00022000 08:05 5508716                    /lib/x86_64-linux-gnu/ld-2.17.so
7fb1585aa000-7fb1585ac000 rw-p 00023000 08:05 5508716                    /lib/x86_64-linux-gnu/ld-2.17.so
7fff3c71e000-7fff3c721000 ---p 00000000 00:00 0 
7fff3c722000-7fff3c81e000 rw-p 00000000 00:00 0                          [stack]
7fff3c856000-7fff3c858000 r-xp 00000000 00:00 0                          [vdso]
ffffffffff600000-ffffffffff601000 r-xp 00000000 00:00 0                  [vsyscall]

VM Arguments:
java_command: ./dist/Assignment_3.jar 5000 5 10 100000000 10 10000 3
Launcher Type: SUN_STANDARD

Environment Variables:
PATH=/usr/local/sbin:/usr/local/bin:/usr/sbin:/usr/bin:/sbin:/bin:/usr/games:/usr/local/games
USERNAME=michael
SHELL=/bin/zsh
DISPLAY=:0.0

Signal Handlers:
SIGSEGV: [libjvm.so+0x84f410], sa_mask[0]=0x7ffbfeff, sa_flags=0x10000004
SIGBUS: [libjvm.so+0x84f410], sa_mask[0]=0x7ffbfeff, sa_flags=0x10000004
SIGFPE: [libjvm.so+0x6f19a0], sa_mask[0]=0x7ffbfeff, sa_flags=0x10000004
SIGPIPE: [libjvm.so+0x6f19a0], sa_mask[0]=0x7ffbfeff, sa_flags=0x10000004
SIGXFSZ: [libjvm.so+0x6f19a0], sa_mask[0]=0x7ffbfeff, sa_flags=0x10000004
SIGILL: [libjvm.so+0x6f19a0], sa_mask[0]=0x7ffbfeff, sa_flags=0x10000004
SIGUSR1: SIG_DFL, sa_mask[0]=0x00000000, sa_flags=0x00000000
SIGUSR2: [libjvm.so+0x6f1d70], sa_mask[0]=0x00000000, sa_flags=0x10000004
SIGHUP: SIG_DFL, sa_mask[0]=0x00000000, sa_flags=0x00000000
SIGINT: SIG_DFL, sa_mask[0]=0x00000000, sa_flags=0x00000000
SIGTERM: SIG_DFL, sa_mask[0]=0x00000000, sa_flags=0x00000000
SIGQUIT: SIG_DFL, sa_mask[0]=0x00000000, sa_flags=0x00000000


---------------  S Y S T E M  ---------------

OS:Ubuntu 13.04 (raring)
uname:Linux 3.8.0-31-generic #46-Ubuntu SMP Tue Sep 10 20:03:44 UTC 2013 x86_64
libc:glibc 2.17 NPTL 2.17 
rlimit: STACK 8192k, CORE 0k, NPROC 128181, NOFILE 4096, AS infinity
load average: